0 info it worked if it ends with ok
1 verbose cli [ '/usr/local/bin/node', '/usr/local/bin/npm', 'run', 'serve' ]
2 info using npm@3.8.6
3 info using node@v5.11.1
4 verbose run-script [ 'preserve', 'serve', 'postserve' ]
5 info lifecycle codocs@1.0.0~preserve: codocs@1.0.0
6 silly lifecycle codocs@1.0.0~preserve: no script for preserve, continuing
7 info lifecycle codocs@1.0.0~serve: codocs@1.0.0
8 verbose lifecycle codocs@1.0.0~serve: unsafe-perm in lifecycle true
9 verbose lifecycle codocs@1.0.0~serve: PATH: /usr/local/lib/node_modules/npm/bin/node-gyp-bin:/home/dmonad/git/codocs.github.io/node_modules/.bin:/usr/local/bin:/usr/local/sbin:/usr/local/bin:/usr/sbin:/usr/bin:/sbin:/bin:/usr/games:/usr/local/games:/snap/bin
10 verbose lifecycle codocs@1.0.0~serve: CWD: /home/dmonad/git/codocs.github.io
11 silly lifecycle codocs@1.0.0~serve: Args: [ '-c', 'polymer serve & node server' ]
12 silly lifecycle codocs@1.0.0~serve: Returned: code: 1  signal: null
13 info lifecycle codocs@1.0.0~serve: Failed to exec serve script
14 verbose stack Error: codocs@1.0.0 serve: `polymer serve & node server`
14 verbose stack Exit status 1
14 verbose stack     at EventEmitter.<anonymous> (/usr/local/lib/node_modules/npm/lib/utils/lifecycle.js:239:16)
14 verbose stack     at emitTwo (events.js:100:13)
14 verbose stack     at EventEmitter.emit (events.js:185:7)
14 verbose stack     at ChildProcess.<anonymous> (/usr/local/lib/node_modules/npm/lib/utils/spawn.js:24:14)
14 verbose stack     at emitTwo (events.js:100:13)
14 verbose stack     at ChildProcess.emit (events.js:185:7)
14 verbose stack     at maybeClose (internal/child_process.js:850:16)
14 verbose stack     at Process.ChildProcess._handle.onexit (internal/child_process.js:215:5)
15 verbose pkgid codocs@1.0.0
16 verbose cwd /home/dmonad/git/codocs.github.io
17 error Linux 4.4.0-47-generic
18 error argv "/usr/local/bin/node" "/usr/local/bin/npm" "run" "serve"
19 error node v5.11.1
20 error npm  v3.8.6
21 error code ELIFECYCLE
22 error codocs@1.0.0 serve: `polymer serve & node server`
22 error Exit status 1
23 error Failed at the codocs@1.0.0 serve script 'polymer serve & node server'.
23 error Make sure you have the latest version of node.js and npm installed.
23 error If you do, this is most likely a problem with the codocs package,
23 error not with npm itself.
23 error Tell the author that this fails on your system:
23 error     polymer serve & node server
23 error You can get information on how to open an issue for this project with:
23 error     npm bugs codocs
23 error Or if that isn't available, you can get their info via:
23 error     npm owner ls codocs
23 error There is likely additional logging output above.
24 verbose exit [ 1, true ]
